Ansys Lumerical 2022 R1.3 FDTD Solver Version 8.27.3016 (Windows 64bit)
 expires (month/day/year): Permanent
using config file: Ansys Licensing set with ANSYSLMD_LICENSE_FILE
license host: 1055@10.75.218.24
current time: qua mai 7 17:58:32 2025
Running on host: DESKTOP-FOTONICA
host available memory (GB): 53.412119
All processes are communicating and ready to proceed to simulation...
Running fsp file: C:\Program Files\Lumerical\v221\bin\fdtd-engine.exe -t 1 -remote -hide C:/Users/luciv/Documents/Lucivaldo/MZI_cascata/dc_FDTD_0_nm_314_um_s-parametersweep/s-parametersweep_1.fsp
Starting meshing
Simulation size in gridpoints: 93 x 1 x 26
Refined 0 mesh cells (0%)
Completed meshing!
Meshing complete in 0 seconds of CPU time
Starting meshing
Simulation size in gridpoints: 93 x 1 x 26
Refined 0 mesh cells (0%)
Completed meshing!
Meshing complete in 0.015625 seconds of CPU time
Starting meshing
Simulation size in gridpoints: 93 x 1 x 26
Refined 0 mesh cells (0%)
Completed meshing!
Meshing complete in 0 seconds of CPU time
Starting meshing
Simulation size in gridpoints: 93 x 1 x 26
Refined 0 mesh cells (0%)
Completed meshing!
Meshing complete in 0 seconds of CPU time
Starting meshing
Simulation size in gridpoints: 93 x 1 x 26
Refined 0 mesh cells (0%)
Completed meshing!
Meshing complete in 0 seconds of CPU time
Starting meshing
Simulation size in gridpoints: 93 x 1 x 26
Refined 0 mesh cells (0%)
Completed meshing!
Meshing complete in 0 seconds of CPU time
left is a duplicate key.
bottom is a duplicate key.
z1 is a duplicate key.
z2 is a duplicate key.
Nx is a duplicate key.
Ny is a duplicate key.
Nz is a duplicate key.
Starting meshing
Simulation size in gridpoints: 93 x 1 x 26
Refined 0 mesh cells (0%)
Completed meshing!
Meshing complete in 0 seconds of CPU time
Starting meshing
Simulation size in gridpoints: 93 x 1 x 26
Refined 0 mesh cells (0%)
Completed meshing!
Meshing complete in 0 seconds of CPU time
Starting meshing
Simulation size in gridpoints: 93 x 1 x 26
Refined 0 mesh cells (0%)
Completed meshing!
Meshing complete in 0 seconds of CPU time
left is a duplicate key.
bottom is a duplicate key.
z1 is a duplicate key.
z2 is a duplicate key.
Nx is a duplicate key.
Ny is a duplicate key.
Nz is a duplicate key.
Starting meshing
Simulation size in gridpoints: 93 x 1 x 26
Refined 0 mesh cells (0%)
Completed meshing!
Meshing complete in 0 seconds of CPU time
Starting meshing
Simulation size in gridpoints: 93 x 1 x 26
Refined 0 mesh cells (0%)
Completed meshing!
Meshing complete in 0 seconds of CPU time
Starting meshing
Simulation size in gridpoints: 93 x 1 x 26
Refined 0 mesh cells (0%)
Completed meshing!
Meshing complete in 0 seconds of CPU time
left is a duplicate key.
bottom is a duplicate key.
z1 is a duplicate key.
z2 is a duplicate key.
Nx is a duplicate key.
Ny is a duplicate key.
Nz is a duplicate key.
Starting meshing
Simulation size in gridpoints: 93 x 1 x 26
Refined 0 mesh cells (0%)
Completed meshing!
Meshing complete in 0 seconds of CPU time
Starting meshing
Simulation size in gridpoints: 93 x 1 x 26
Refined 0 mesh cells (0%)
Completed meshing!
Meshing complete in 0 seconds of CPU time
Starting meshing
Simulation size in gridpoints: 93 x 1 x 26
Refined 0 mesh cells (0%)
Completed meshing!
Meshing complete in 0 seconds of CPU time
left is a duplicate key.
bottom is a duplicate key.
z1 is a duplicate key.
z2 is a duplicate key.
Nx is a duplicate key.
Ny is a duplicate key.
Nz is a duplicate key.
number of processors is 1
processors are distributed as: 1x1x1
Running 3D Simulation
Starting meshing
Simulation size in gridpoints: 1526 x 438 x 38
Refined 0 mesh cells (0%)
Completed meshing!
Meshing complete in 3.85938 seconds of CPU time
0 0
Starting meshing
Simulation size in gridpoints: 1526 x 438 x 38
Refined 0 mesh cells (0%)
Completed meshing!
Meshing complete in 3.92188 seconds of CPU time
0 0
Starting meshing
Simulation size in gridpoints: 1526 x 438 x 38
Refined 0 mesh cells (0%)
Completed meshing!
Meshing complete in 3.82812 seconds of CPU time
0 0
finished material properties
Meshing Time: 8.23711 seconds, Init Electrical Material Time: 0.944348 seconds, Init Magnetic Material Time: 0.072369
Using selected optimization level: 2
Selecting 3d kernel for splitFieldDirection=0 and optLevel=2
-----------------------------------------
Beginning initialization of 3D Simulation
Starting to add sources to simulation
Adding 3D Mode source propagating in Y
Using frequency dependent profile
Starting to add boundary conditions to simulation
Adding 3D PML BC
Adding 3D PML BC
Adding 3D PML BC
Adding 3D PML BC
Adding 3D Symmetric BC
Adding 3D PML BC
Starting to add monitors to Simulation
Adding analysis monitor
Adding 3D DFT monitor
Adding 3D DFT monitor
Adding 3D DFT monitor
Adding 3D DFT monitor
Finished initialization of 3D Simulation
-----------------------------------------
All processes are communicating and ready to proceed to simulation...
Starting 22276 total iterations
0.10774% complete. Max time remaining: 1 hr, 11 mins, 24 secs. Auto Shutoff: 1
1.11332% complete. Max time remaining: 1 hr, 12 mins, 7 secs. Auto Shutoff: 1
2.11889% complete. Max time remaining: 1 hr, 11 mins, 28 secs. Auto Shutoff: 1
3.12447% complete. Max time remaining: 1 hr, 10 mins, 47 secs. Auto Shutoff: 1
4.13004% complete. Max time remaining: 1 hr, 10 mins, 1 secs. Auto Shutoff: 1
5.13562% complete. Max time remaining: 1 hr, 9 mins, 10 secs. Auto Shutoff: 1
6.14119% complete. Max time remaining: 1 hr, 8 mins, 21 secs. Auto Shutoff: 0.99624
7.14677% complete. Max time remaining: 1 hr, 7 mins, 39 secs. Auto Shutoff: 0.993736
8.15235% complete. Max time remaining: 1 hr, 6 mins, 55 secs. Auto Shutoff: 0.993186
9.15792% complete. Max time remaining: 1 hr, 6 mins, 11 secs. Auto Shutoff: 0.993556
10.1635% complete. Max time remaining: 1 hr, 5 mins, 28 secs. Auto Shutoff: 0.992711
11.1691% complete. Max time remaining: 1 hr, 4 mins, 44 secs. Auto Shutoff: 0.991026
12.1746% complete. Max time remaining: 1 hr, 4 mins, 1 secs. Auto Shutoff: 0.992234
13.1802% complete. Max time remaining: 1 hr, 3 mins, 17 secs. Auto Shutoff: 0.992114
14.1858% complete. Max time remaining: 1 hr, 2 mins, 32 secs. Auto Shutoff: 0.991877
15.1914% complete. Max time remaining: 1 hr, 1 min, 47 secs. Auto Shutoff: 0.991734
16.197% complete. Max time remaining: 1 hr, 1 min, 3 secs. Auto Shutoff: 0.99165
17.2025% complete. Max time remaining: 1 hr, 19 secs. Auto Shutoff: 0.991552
18.2081% complete. Max time remaining: 59 mins, 35 secs. Auto Shutoff: 0.991555
19.2137% complete. Max time remaining: 58 mins, 51 secs. Auto Shutoff: 0.991523
20.2193% complete. Max time remaining: 58 mins, 8 secs. Auto Shutoff: 0.991464
21.2248% complete. Max time remaining: 57 mins, 24 secs. Auto Shutoff: 0.991457
22.2304% complete. Max time remaining: 56 mins, 40 secs. Auto Shutoff: 0.991452
23.236% complete. Max time remaining: 55 mins, 56 secs. Auto Shutoff: 0.991407
24.2416% complete. Max time remaining: 55 mins, 12 secs. Auto Shutoff: 0.99144
25.2471% complete. Max time remaining: 54 mins, 28 secs. Auto Shutoff: 0.991425
26.2527% complete. Max time remaining: 53 mins, 45 secs. Auto Shutoff: 0.991145
27.2583% complete. Max time remaining: 53 mins, 1 secs. Auto Shutoff: 0.989902
28.2639% complete. Max time remaining: 52 mins, 18 secs. Auto Shutoff: 0.995071
29.2694% complete. Max time remaining: 51 mins, 34 secs. Auto Shutoff: 1.01237
30.275% complete. Max time remaining: 50 mins, 50 secs. Auto Shutoff: 1.03064
31.2806% complete. Max time remaining: 50 mins, 5 secs. Auto Shutoff: 1.03634
32.2862% complete. Max time remaining: 49 mins, 21 secs. Auto Shutoff: 1.02073
33.2917% complete. Max time remaining: 48 mins, 37 secs. Auto Shutoff: 0.993432
34.2973% complete. Max time remaining: 47 mins, 53 secs. Auto Shutoff: 0.989798
35.3029% complete. Max time remaining: 47 mins, 9 secs. Auto Shutoff: 0.98842
36.3085% complete. Max time remaining: 46 mins, 25 secs. Auto Shutoff: 0.988112
37.314% complete. Max time remaining: 45 mins, 41 secs. Auto Shutoff: 0.987816
38.3196% complete. Max time remaining: 44 mins, 57 secs. Auto Shutoff: 0.987401
39.3252% complete. Max time remaining: 44 mins, 13 secs. Auto Shutoff: 0.986884
40.3308% complete. Max time remaining: 43 mins, 29 secs. Auto Shutoff: 0.986635
41.3363% complete. Max time remaining: 42 mins, 45 secs. Auto Shutoff: 0.986423
42.3419% complete. Max time remaining: 42 mins, 1 secs. Auto Shutoff: 0.986157
43.3475% complete. Max time remaining: 41 mins, 17 secs. Auto Shutoff: 0.985805
44.3531% complete. Max time remaining: 40 mins, 33 secs. Auto Shutoff: 0.985529
45.3586% complete. Max time remaining: 39 mins, 49 secs. Auto Shutoff: 0.985131
46.3642% complete. Max time remaining: 39 mins, 5 secs. Auto Shutoff: 0.984792
47.3698% complete. Max time remaining: 38 mins, 21 secs. Auto Shutoff: 0.984411
48.3754% complete. Max time remaining: 37 mins, 37 secs. Auto Shutoff: 0.98383
49.3809% complete. Max time remaining: 36 mins, 53 secs. Auto Shutoff: 0.983507
50.3865% complete. Max time remaining: 36 mins, 9 secs. Auto Shutoff: 0.982786
51.3921% complete. Max time remaining: 35 mins, 25 secs. Auto Shutoff: 0.982315
52.3977% complete. Max time remaining: 34 mins, 41 secs. Auto Shutoff: 0.981412
53.4032% complete. Max time remaining: 33 mins, 57 secs. Auto Shutoff: 0.97917
54.4088% complete. Max time remaining: 33 mins, 14 secs. Auto Shutoff: 0.978841
55.4144% complete. Max time remaining: 32 mins, 30 secs. Auto Shutoff: 0.979257
56.42% complete. Max time remaining: 31 mins, 46 secs. Auto Shutoff: 0.978084
57.4256% complete. Max time remaining: 31 mins, 2 secs. Auto Shutoff: 0.959044
58.4311% complete. Max time remaining: 30 mins, 18 secs. Auto Shutoff: 0.806598
59.4367% complete. Max time remaining: 29 mins, 34 secs. Auto Shutoff: 0.31171
60.4423% complete. Max time remaining: 28 mins, 50 secs. Auto Shutoff: 0.049512
61.4479% complete. Max time remaining: 28 mins, 6 secs. Auto Shutoff: 0.00364235
62.4534% complete. Max time remaining: 27 mins, 22 secs. Auto Shutoff: 0.000333321
63.459% complete. Max time remaining: 26 mins, 38 secs. Auto Shutoff: 0.000248142
64.4646% complete. Max time remaining: 25 mins, 54 secs. Auto Shutoff: 0.000208327
65.4702% complete. Max time remaining: 25 mins, 10 secs. Auto Shutoff: 0.000177509
66.4757% complete. Max time remaining: 24 mins, 26 secs. Auto Shutoff: 0.000146505
67.4813% complete. Max time remaining: 23 mins, 42 secs. Auto Shutoff: 0.000131015
68.4869% complete. Max time remaining: 22 mins, 58 secs. Auto Shutoff: 0.00012149
69.4925% complete. Max time remaining: 22 mins, 14 secs. Auto Shutoff: 0.000113097
70.498% complete. Max time remaining: 21 mins, 30 secs. Auto Shutoff: 0.000106106
71.5036% complete. Max time remaining: 20 mins, 46 secs. Auto Shutoff: 9.76641e-05
72.5092% complete. Max time remaining: 20 mins, 2 secs. Auto Shutoff: 9.2167e-05
73.5148% complete. Max time remaining: 19 mins, 19 secs. Auto Shutoff: 8.20735e-05
74.5203% complete. Max time remaining: 18 mins, 35 secs. Auto Shutoff: 7.35601e-05
75.5259% complete. Max time remaining: 17 mins, 51 secs. Auto Shutoff: 5.92147e-05
76.5315% complete. Max time remaining: 17 mins, 7 secs. Auto Shutoff: 5.40057e-05
77.5371% complete. Max time remaining: 16 mins, 23 secs. Auto Shutoff: 5.13489e-05
78.5426% complete. Max time remaining: 15 mins, 39 secs. Auto Shutoff: 4.89191e-05
79.5482% complete. Max time remaining: 14 mins, 55 secs. Auto Shutoff: 4.72811e-05
80.5538% complete. Max time remaining: 14 mins, 11 secs. Auto Shutoff: 4.39767e-05
81.5594% complete. Max time remaining: 13 mins, 27 secs. Auto Shutoff: 4.16501e-05
82.5649% complete. Max time remaining: 12 mins, 43 secs. Auto Shutoff: 4.19514e-05
83.5705% complete. Max time remaining: 11 mins, 59 secs. Auto Shutoff: 4.03192e-05
84.5761% complete. Max time remaining: 11 mins, 15 secs. Auto Shutoff: 4.06228e-05
85.5817% complete. Max time remaining: 10 mins, 31 secs. Auto Shutoff: 3.98159e-05
86.5872% complete. Max time remaining: 9 mins, 47 secs. Auto Shutoff: 3.82e-05
87.5928% complete. Max time remaining: 9 mins, 3 secs. Auto Shutoff: 3.75271e-05
88.5984% complete. Max time remaining: 8 mins, 19 secs. Auto Shutoff: 3.73794e-05
89.604% complete. Max time remaining: 7 mins, 35 secs. Auto Shutoff: 3.62401e-05
90.6095% complete. Max time remaining: 6 mins, 51 secs. Auto Shutoff: 3.62799e-05
91.6151% complete. Max time remaining: 6 mins, 7 secs. Auto Shutoff: 3.60429e-05
92.6207% complete. Max time remaining: 5 mins, 23 secs. Auto Shutoff: 3.53048e-05
93.6263% complete. Max time remaining: 4 mins, 39 secs. Auto Shutoff: 3.56934e-05
94.6319% complete. Max time remaining: 3 mins, 55 secs. Auto Shutoff: 3.40166e-05
95.6374% complete. Max time remaining: 3 mins, 11 secs. Auto Shutoff: 3.25072e-05
96.643% complete. Max time remaining: 2 mins, 27 secs. Auto Shutoff: 3.16083e-05
97.6486% complete. Max time remaining: 1 min, 43 secs. Auto Shutoff: 2.93637e-05
98.6542% complete. Max time remaining: 59 secs. Auto Shutoff: 2.53905e-05
99.6597% complete. Max time remaining: 15 secs. Auto Shutoff: 2.49399e-05
Completed 22276 iterations, or 1.299959e-12s of Simulation Time
Process 0 starting to collect data
    collecting monitor data
    collecting source data
Using frequency dependent profile
Finished collecting data
left is a duplicate key.
bottom is a duplicate key.
z1 is a duplicate key.
z2 is a duplicate key.
Nx is a duplicate key.
Ny is a duplicate key.
Nz is a duplicate key.
left is a duplicate key.
bottom is a duplicate key.
z1 is a duplicate key.
z2 is a duplicate key.
Nx is a duplicate key.
Ny is a duplicate key.
Nz is a duplicate key.
left is a duplicate key.
bottom is a duplicate key.
z1 is a duplicate key.
z2 is a duplicate key.
Nx is a duplicate key.
Ny is a duplicate key.
Nz is a duplicate key.
left is a duplicate key.
bottom is a duplicate key.
z1 is a duplicate key.
z2 is a duplicate key.
Nx is a duplicate key.
Ny is a duplicate key.
Nz is a duplicate key.
Simulation completed successfully at: qua mai 7 19:11:40 2025
Overall wall time measurements in seconds: 4428.58
    time to mesh and initialize: 14.5049
    time to run FDTD simulation: 4371.49
    time to checkpoint simulation: 2e-07
    time to finalize data and save to files: 0.370449
    miscellaneous time: 42.2238
    FDTD solver speed on process 0: 129.426 Mnodes/s
    total FDTD solver speed on 1 processes: 129.426 Mnodes/s
