Ansys Lumerical 2022 R1.3 FDTD Solver Version 8.27.3016 (Windows 64bit)
 expires (month/day/year): Permanent
using config file: Ansys Licensing set with ANSYSLMD_LICENSE_FILE
license host: 1055@10.75.218.24
current time: qua mai 7 17:58:32 2025
Running on host: DESKTOP-FOTONICA
host available memory (GB): 53.412119
All processes are communicating and ready to proceed to simulation...
Running fsp file: C:\Program Files\Lumerical\v221\bin\fdtd-engine.exe -t 1 -remote -hide C:/Users/luciv/Documents/Lucivaldo/MZI_cascata/dc_FDTD_0_nm_314_um_s-parametersweep/s-parametersweep_3.fsp
Starting meshing
Simulation size in gridpoints: 93 x 1 x 26
Refined 0 mesh cells (0%)
Completed meshing!
Meshing complete in 0 seconds of CPU time
Starting meshing
Simulation size in gridpoints: 93 x 1 x 26
Refined 0 mesh cells (0%)
Completed meshing!
Meshing complete in 0.015625 seconds of CPU time
Starting meshing
Simulation size in gridpoints: 93 x 1 x 26
Refined 0 mesh cells (0%)
Completed meshing!
Meshing complete in 0 seconds of CPU time
left is a duplicate key.
bottom is a duplicate key.
z1 is a duplicate key.
z2 is a duplicate key.
Nx is a duplicate key.
Ny is a duplicate key.
Nz is a duplicate key.
Starting meshing
Simulation size in gridpoints: 93 x 1 x 26
Refined 0 mesh cells (0%)
Completed meshing!
Meshing complete in 0 seconds of CPU time
Starting meshing
Simulation size in gridpoints: 93 x 1 x 26
Refined 0 mesh cells (0%)
Completed meshing!
Meshing complete in 0 seconds of CPU time
Starting meshing
Simulation size in gridpoints: 93 x 1 x 26
Refined 0 mesh cells (0%)
Completed meshing!
Meshing complete in 0 seconds of CPU time
left is a duplicate key.
bottom is a duplicate key.
z1 is a duplicate key.
z2 is a duplicate key.
Nx is a duplicate key.
Ny is a duplicate key.
Nz is a duplicate key.
Starting meshing
Simulation size in gridpoints: 93 x 1 x 26
Refined 0 mesh cells (0%)
Completed meshing!
Meshing complete in 0 seconds of CPU time
Starting meshing
Simulation size in gridpoints: 93 x 1 x 26
Refined 0 mesh cells (0%)
Completed meshing!
Meshing complete in 0 seconds of CPU time
Starting meshing
Simulation size in gridpoints: 93 x 1 x 26
Refined 0 mesh cells (0%)
Completed meshing!
Meshing complete in 0 seconds of CPU time
Starting meshing
Simulation size in gridpoints: 93 x 1 x 26
Refined 0 mesh cells (0%)
Completed meshing!
Meshing complete in 0 seconds of CPU time
Starting meshing
Simulation size in gridpoints: 93 x 1 x 26
Refined 0 mesh cells (0%)
Completed meshing!
Meshing complete in 0 seconds of CPU time
Starting meshing
Simulation size in gridpoints: 93 x 1 x 26
Refined 0 mesh cells (0%)
Completed meshing!
Meshing complete in 0 seconds of CPU time
left is a duplicate key.
bottom is a duplicate key.
z1 is a duplicate key.
z2 is a duplicate key.
Nx is a duplicate key.
Ny is a duplicate key.
Nz is a duplicate key.
Starting meshing
Simulation size in gridpoints: 93 x 1 x 26
Refined 0 mesh cells (0%)
Completed meshing!
Meshing complete in 0 seconds of CPU time
Starting meshing
Simulation size in gridpoints: 93 x 1 x 26
Refined 0 mesh cells (0%)
Completed meshing!
Meshing complete in 0 seconds of CPU time
Starting meshing
Simulation size in gridpoints: 93 x 1 x 26
Refined 0 mesh cells (0%)
Completed meshing!
Meshing complete in 0 seconds of CPU time
left is a duplicate key.
bottom is a duplicate key.
z1 is a duplicate key.
z2 is a duplicate key.
Nx is a duplicate key.
Ny is a duplicate key.
Nz is a duplicate key.
number of processors is 1
processors are distributed as: 1x1x1
Running 3D Simulation
Starting meshing
Simulation size in gridpoints: 1526 x 438 x 38
Refined 0 mesh cells (0%)
Completed meshing!
Meshing complete in 3.89062 seconds of CPU time
0 0
Starting meshing
Simulation size in gridpoints: 1526 x 438 x 38
Refined 0 mesh cells (0%)
Completed meshing!
Meshing complete in 3.79688 seconds of CPU time
0 0
Starting meshing
Simulation size in gridpoints: 1526 x 438 x 38
Refined 0 mesh cells (0%)
Completed meshing!
Meshing complete in 3.79688 seconds of CPU time
0 0
finished material properties
Meshing Time: 8.22751 seconds, Init Electrical Material Time: 0.784145 seconds, Init Magnetic Material Time: 0.0735648
Using selected optimization level: 2
Selecting 3d kernel for splitFieldDirection=0 and optLevel=2
-----------------------------------------
Beginning initialization of 3D Simulation
Starting to add sources to simulation
Adding 3D Mode source propagating in Y
Using frequency dependent profile
Starting to add boundary conditions to simulation
Adding 3D PML BC
Adding 3D PML BC
Adding 3D PML BC
Adding 3D PML BC
Adding 3D Symmetric BC
Adding 3D PML BC
Starting to add monitors to Simulation
Adding analysis monitor
Adding 3D DFT monitor
Adding 3D DFT monitor
Adding 3D DFT monitor
Adding 3D DFT monitor
Finished initialization of 3D Simulation
-----------------------------------------
All processes are communicating and ready to proceed to simulation...
Starting 22276 total iterations
0.10774% complete. Max time remaining: 1 hr, 7 mins, 15 secs. Auto Shutoff: 1
1.11332% complete. Max time remaining: 1 hr, 11 mins, 16 secs. Auto Shutoff: 1
2.11889% complete. Max time remaining: 1 hr, 11 mins, 0 secs. Auto Shutoff: 1
3.12447% complete. Max time remaining: 1 hr, 10 mins, 26 secs. Auto Shutoff: 1
4.13004% complete. Max time remaining: 1 hr, 9 mins, 48 secs. Auto Shutoff: 1
5.13562% complete. Max time remaining: 1 hr, 8 mins, 59 secs. Auto Shutoff: 1
6.14119% complete. Max time remaining: 1 hr, 8 mins, 15 secs. Auto Shutoff: 0.996516
7.14677% complete. Max time remaining: 1 hr, 7 mins, 30 secs. Auto Shutoff: 0.993234
8.15235% complete. Max time remaining: 1 hr, 6 mins, 45 secs. Auto Shutoff: 0.99387
9.15792% complete. Max time remaining: 1 hr, 6 mins, 3 secs. Auto Shutoff: 0.993899
10.1635% complete. Max time remaining: 1 hr, 5 mins, 21 secs. Auto Shutoff: 0.992929
11.1691% complete. Max time remaining: 1 hr, 4 mins, 39 secs. Auto Shutoff: 0.990977
12.1746% complete. Max time remaining: 1 hr, 3 mins, 55 secs. Auto Shutoff: 0.992436
13.1802% complete. Max time remaining: 1 hr, 3 mins, 11 secs. Auto Shutoff: 0.992253
14.1858% complete. Max time remaining: 1 hr, 2 mins, 26 secs. Auto Shutoff: 0.992022
15.1914% complete. Max time remaining: 1 hr, 1 min, 43 secs. Auto Shutoff: 0.991875
16.197% complete. Max time remaining: 1 hr, 59 secs. Auto Shutoff: 0.991786
17.2025% complete. Max time remaining: 1 hr, 15 secs. Auto Shutoff: 0.991691
18.2081% complete. Max time remaining: 59 mins, 31 secs. Auto Shutoff: 0.991699
19.2137% complete. Max time remaining: 58 mins, 47 secs. Auto Shutoff: 0.991656
20.2193% complete. Max time remaining: 58 mins, 4 secs. Auto Shutoff: 0.991602
21.2248% complete. Max time remaining: 57 mins, 20 secs. Auto Shutoff: 0.991598
22.2304% complete. Max time remaining: 56 mins, 36 secs. Auto Shutoff: 0.991578
23.236% complete. Max time remaining: 55 mins, 52 secs. Auto Shutoff: 0.991543
24.2416% complete. Max time remaining: 55 mins, 8 secs. Auto Shutoff: 0.991546
25.2471% complete. Max time remaining: 54 mins, 24 secs. Auto Shutoff: 0.991477
26.2527% complete. Max time remaining: 53 mins, 40 secs. Auto Shutoff: 0.991512
27.2583% complete. Max time remaining: 52 mins, 57 secs. Auto Shutoff: 0.992188
28.2639% complete. Max time remaining: 52 mins, 13 secs. Auto Shutoff: 0.994854
29.2694% complete. Max time remaining: 51 mins, 29 secs. Auto Shutoff: 1.02774
30.275% complete. Max time remaining: 50 mins, 45 secs. Auto Shutoff: 1.03524
31.2806% complete. Max time remaining: 50 mins, 1 secs. Auto Shutoff: 1.02358
32.2862% complete. Max time remaining: 49 mins, 17 secs. Auto Shutoff: 1.01827
33.2917% complete. Max time remaining: 48 mins, 33 secs. Auto Shutoff: 1.02586
34.2973% complete. Max time remaining: 47 mins, 49 secs. Auto Shutoff: 0.992674
35.3029% complete. Max time remaining: 47 mins, 5 secs. Auto Shutoff: 0.989366
36.3085% complete. Max time remaining: 46 mins, 21 secs. Auto Shutoff: 0.986972
37.314% complete. Max time remaining: 45 mins, 37 secs. Auto Shutoff: 0.986317
38.3196% complete. Max time remaining: 44 mins, 53 secs. Auto Shutoff: 0.98594
39.3252% complete. Max time remaining: 44 mins, 10 secs. Auto Shutoff: 0.985346
40.3308% complete. Max time remaining: 43 mins, 25 secs. Auto Shutoff: 0.985003
41.3363% complete. Max time remaining: 42 mins, 42 secs. Auto Shutoff: 0.984885
42.3419% complete. Max time remaining: 41 mins, 57 secs. Auto Shutoff: 0.984616
43.3475% complete. Max time remaining: 41 mins, 14 secs. Auto Shutoff: 0.984304
44.3531% complete. Max time remaining: 40 mins, 30 secs. Auto Shutoff: 0.984158
45.3586% complete. Max time remaining: 39 mins, 46 secs. Auto Shutoff: 0.9841
46.3642% complete. Max time remaining: 39 mins, 2 secs. Auto Shutoff: 0.983835
47.3698% complete. Max time remaining: 38 mins, 18 secs. Auto Shutoff: 0.983492
48.3754% complete. Max time remaining: 37 mins, 34 secs. Auto Shutoff: 0.982207
49.3809% complete. Max time remaining: 36 mins, 50 secs. Auto Shutoff: 0.982335
50.3865% complete. Max time remaining: 36 mins, 6 secs. Auto Shutoff: 0.981114
51.3921% complete. Max time remaining: 35 mins, 22 secs. Auto Shutoff: 0.979813
52.3977% complete. Max time remaining: 34 mins, 38 secs. Auto Shutoff: 0.980097
53.4032% complete. Max time remaining: 33 mins, 54 secs. Auto Shutoff: 0.977955
54.4088% complete. Max time remaining: 33 mins, 11 secs. Auto Shutoff: 0.975224
55.4144% complete. Max time remaining: 32 mins, 27 secs. Auto Shutoff: 0.97317
56.42% complete. Max time remaining: 31 mins, 43 secs. Auto Shutoff: 0.971311
57.4256% complete. Max time remaining: 30 mins, 59 secs. Auto Shutoff: 0.948782
58.4311% complete. Max time remaining: 30 mins, 15 secs. Auto Shutoff: 0.621107
59.4367% complete. Max time remaining: 29 mins, 31 secs. Auto Shutoff: 0.174059
60.4423% complete. Max time remaining: 28 mins, 47 secs. Auto Shutoff: 0.0335709
61.4479% complete. Max time remaining: 28 mins, 3 secs. Auto Shutoff: 0.00319599
62.4534% complete. Max time remaining: 27 mins, 19 secs. Auto Shutoff: 0.000649352
63.459% complete. Max time remaining: 26 mins, 36 secs. Auto Shutoff: 0.000403896
64.4646% complete. Max time remaining: 25 mins, 52 secs. Auto Shutoff: 0.000228167
65.4702% complete. Max time remaining: 25 mins, 8 secs. Auto Shutoff: 0.000167944
66.4757% complete. Max time remaining: 24 mins, 24 secs. Auto Shutoff: 0.000141167
67.4813% complete. Max time remaining: 23 mins, 40 secs. Auto Shutoff: 0.000128666
68.4869% complete. Max time remaining: 22 mins, 56 secs. Auto Shutoff: 0.000116447
69.4925% complete. Max time remaining: 22 mins, 12 secs. Auto Shutoff: 0.000107631
70.498% complete. Max time remaining: 21 mins, 28 secs. Auto Shutoff: 0.000100176
71.5036% complete. Max time remaining: 20 mins, 44 secs. Auto Shutoff: 9.01371e-05
72.5092% complete. Max time remaining: 20 mins, 1 secs. Auto Shutoff: 8.37328e-05
73.5148% complete. Max time remaining: 19 mins, 17 secs. Auto Shutoff: 7.75686e-05
74.5203% complete. Max time remaining: 18 mins, 33 secs. Auto Shutoff: 6.62535e-05
75.5259% complete. Max time remaining: 17 mins, 49 secs. Auto Shutoff: 5.61132e-05
76.5315% complete. Max time remaining: 17 mins, 5 secs. Auto Shutoff: 5.33371e-05
77.5371% complete. Max time remaining: 16 mins, 21 secs. Auto Shutoff: 5.0693e-05
78.5426% complete. Max time remaining: 15 mins, 37 secs. Auto Shutoff: 4.82955e-05
79.5482% complete. Max time remaining: 14 mins, 53 secs. Auto Shutoff: 4.80206e-05
80.5538% complete. Max time remaining: 14 mins, 9 secs. Auto Shutoff: 4.73558e-05
81.5594% complete. Max time remaining: 13 mins, 25 secs. Auto Shutoff: 4.5868e-05
82.5649% complete. Max time remaining: 12 mins, 41 secs. Auto Shutoff: 4.53849e-05
83.5705% complete. Max time remaining: 11 mins, 58 secs. Auto Shutoff: 4.45764e-05
84.5761% complete. Max time remaining: 11 mins, 14 secs. Auto Shutoff: 4.32651e-05
85.5817% complete. Max time remaining: 10 mins, 30 secs. Auto Shutoff: 4.29918e-05
86.5872% complete. Max time remaining: 9 mins, 46 secs. Auto Shutoff: 4.43965e-05
87.5928% complete. Max time remaining: 9 mins, 2 secs. Auto Shutoff: 4.21775e-05
88.5984% complete. Max time remaining: 8 mins, 18 secs. Auto Shutoff: 4.24056e-05
89.604% complete. Max time remaining: 7 mins, 34 secs. Auto Shutoff: 4.07517e-05
90.6095% complete. Max time remaining: 6 mins, 50 secs. Auto Shutoff: 3.98317e-05
91.6151% complete. Max time remaining: 6 mins, 6 secs. Auto Shutoff: 3.83614e-05
92.6207% complete. Max time remaining: 5 mins, 22 secs. Auto Shutoff: 3.73923e-05
93.6263% complete. Max time remaining: 4 mins, 38 secs. Auto Shutoff: 3.70809e-05
94.6319% complete. Max time remaining: 3 mins, 55 secs. Auto Shutoff: 3.63856e-05
95.6374% complete. Max time remaining: 3 mins, 11 secs. Auto Shutoff: 3.58965e-05
96.643% complete. Max time remaining: 2 mins, 27 secs. Auto Shutoff: 3.40799e-05
97.6486% complete. Max time remaining: 1 min, 43 secs. Auto Shutoff: 3.17519e-05
98.6542% complete. Max time remaining: 59 secs. Auto Shutoff: 2.83454e-05
99.6597% complete. Max time remaining: 15 secs. Auto Shutoff: 2.62733e-05
Completed 22276 iterations, or 1.299959e-12s of Simulation Time
Process 0 starting to collect data
    collecting monitor data
    collecting source data
Using frequency dependent profile
Finished collecting data
left is a duplicate key.
bottom is a duplicate key.
z1 is a duplicate key.
z2 is a duplicate key.
Nx is a duplicate key.
Ny is a duplicate key.
Nz is a duplicate key.
left is a duplicate key.
bottom is a duplicate key.
z1 is a duplicate key.
z2 is a duplicate key.
Nx is a duplicate key.
Ny is a duplicate key.
Nz is a duplicate key.
left is a duplicate key.
bottom is a duplicate key.
z1 is a duplicate key.
z2 is a duplicate key.
Nx is a duplicate key.
Ny is a duplicate key.
Nz is a duplicate key.
left is a duplicate key.
bottom is a duplicate key.
z1 is a duplicate key.
z2 is a duplicate key.
Nx is a duplicate key.
Ny is a duplicate key.
Nz is a duplicate key.
Simulation completed successfully at: qua mai 7 19:11:36 2025
Overall wall time measurements in seconds: 4424.8
    time to mesh and initialize: 14.1292
    time to run FDTD simulation: 4368.06
    time to checkpoint simulation: 2e-07
    time to finalize data and save to files: 0.391851
    miscellaneous time: 42.2196
    FDTD solver speed on process 0: 129.527 Mnodes/s
    total FDTD solver speed on 1 processes: 129.527 Mnodes/s
