Ansys Lumerical 2022 R1.3 FDTD Solver Version 8.27.3016 (Windows 64bit)
 expires (month/day/year): Permanent
using config file: Ansys Licensing set with ANSYSLMD_LICENSE_FILE
license host: 1055@10.75.218.24
current time: qua mai 7 11:08:25 2025
Running on host: DESKTOP-FOTONICA
host available memory (GB): 49.710948
All processes are communicating and ready to proceed to simulation...
Running fsp file: C:\Program Files\Lumerical\v221\bin\fdtd-engine.exe -t 1 -remote -hide C:/Users/luciv/Documents/Lucivaldo/MZI_cascata/DC_FDTD_cBand_200_s-parametersweep/s-parametersweep_4.fsp
Starting meshing
Simulation size in gridpoints: 93 x 1 x 26
Refined 0 mesh cells (0%)
Completed meshing!
Meshing complete in 0 seconds of CPU time
Starting meshing
Simulation size in gridpoints: 93 x 1 x 26
Refined 0 mesh cells (0%)
Completed meshing!
Meshing complete in 0 seconds of CPU time
Starting meshing
Simulation size in gridpoints: 93 x 1 x 26
Refined 0 mesh cells (0%)
Completed meshing!
Meshing complete in 0 seconds of CPU time
left is a duplicate key.
bottom is a duplicate key.
z1 is a duplicate key.
z2 is a duplicate key.
Nx is a duplicate key.
Ny is a duplicate key.
Nz is a duplicate key.
Starting meshing
Simulation size in gridpoints: 93 x 1 x 26
Refined 0 mesh cells (0%)
Completed meshing!
Meshing complete in 0 seconds of CPU time
Starting meshing
Simulation size in gridpoints: 93 x 1 x 26
Refined 0 mesh cells (0%)
Completed meshing!
Meshing complete in 0 seconds of CPU time
Starting meshing
Simulation size in gridpoints: 93 x 1 x 26
Refined 0 mesh cells (0%)
Completed meshing!
Meshing complete in 0 seconds of CPU time
left is a duplicate key.
bottom is a duplicate key.
z1 is a duplicate key.
z2 is a duplicate key.
Nx is a duplicate key.
Ny is a duplicate key.
Nz is a duplicate key.
Starting meshing
Simulation size in gridpoints: 93 x 1 x 26
Refined 0 mesh cells (0%)
Completed meshing!
Meshing complete in 0 seconds of CPU time
Starting meshing
Simulation size in gridpoints: 93 x 1 x 26
Refined 0 mesh cells (0%)
Completed meshing!
Meshing complete in 0 seconds of CPU time
Starting meshing
Simulation size in gridpoints: 93 x 1 x 26
Refined 0 mesh cells (0%)
Completed meshing!
Meshing complete in 0 seconds of CPU time
left is a duplicate key.
bottom is a duplicate key.
z1 is a duplicate key.
z2 is a duplicate key.
Nx is a duplicate key.
Ny is a duplicate key.
Nz is a duplicate key.
Starting meshing
Simulation size in gridpoints: 93 x 1 x 26
Refined 0 mesh cells (0%)
Completed meshing!
Meshing complete in 0 seconds of CPU time
Starting meshing
Simulation size in gridpoints: 93 x 1 x 26
Refined 0 mesh cells (0%)
Completed meshing!
Meshing complete in 0 seconds of CPU time
Starting meshing
Simulation size in gridpoints: 93 x 1 x 26
Refined 0 mesh cells (0%)
Completed meshing!
Meshing complete in 0 seconds of CPU time
Starting meshing
Simulation size in gridpoints: 93 x 1 x 26
Refined 0 mesh cells (0%)
Completed meshing!
Meshing complete in 0 seconds of CPU time
Starting meshing
Simulation size in gridpoints: 93 x 1 x 26
Refined 0 mesh cells (0%)
Completed meshing!
Meshing complete in 0 seconds of CPU time
Starting meshing
Simulation size in gridpoints: 93 x 1 x 26
Refined 0 mesh cells (0%)
Completed meshing!
Meshing complete in 0 seconds of CPU time
left is a duplicate key.
bottom is a duplicate key.
z1 is a duplicate key.
z2 is a duplicate key.
Nx is a duplicate key.
Ny is a duplicate key.
Nz is a duplicate key.
number of processors is 1
processors are distributed as: 1x1x1
Running 3D Simulation
Starting meshing
Simulation size in gridpoints: 1526 x 438 x 38
Refined 0 mesh cells (0%)
Completed meshing!
Meshing complete in 3.78125 seconds of CPU time
0 0
Starting meshing
Simulation size in gridpoints: 1526 x 438 x 38
Refined 0 mesh cells (0%)
Completed meshing!
Meshing complete in 3.82812 seconds of CPU time
0 0
Starting meshing
Simulation size in gridpoints: 1526 x 438 x 38
Refined 0 mesh cells (0%)
Completed meshing!
Meshing complete in 3.98438 seconds of CPU time
0 0
finished material properties
Meshing Time: 8.44468 seconds, Init Electrical Material Time: 0.779622 seconds, Init Magnetic Material Time: 0.0717388
Using selected optimization level: 2
Selecting 3d kernel for splitFieldDirection=0 and optLevel=2
-----------------------------------------
Beginning initialization of 3D Simulation
Starting to add sources to simulation
Adding 3D Mode source propagating in Y
Using frequency dependent profile
Starting to add boundary conditions to simulation
Adding 3D PML BC
Adding 3D PML BC
Adding 3D PML BC
Adding 3D PML BC
Adding 3D Symmetric BC
Adding 3D PML BC
Starting to add monitors to Simulation
Adding analysis monitor
Adding 3D DFT monitor
Adding 3D DFT monitor
Adding 3D DFT monitor
Adding 3D DFT monitor
Finished initialization of 3D Simulation
-----------------------------------------
All processes are communicating and ready to proceed to simulation...
Starting 11273 total iterations
0.212905% complete. Max time remaining: 36 mins, 36 secs. Auto Shutoff: 1
1.27743% complete. Max time remaining: 36 mins, 30 secs. Auto Shutoff: 1
2.34196% complete. Max time remaining: 36 mins, 10 secs. Auto Shutoff: 1
3.40648% complete. Max time remaining: 35 mins, 45 secs. Auto Shutoff: 1
4.47101% complete. Max time remaining: 35 mins, 23 secs. Auto Shutoff: 1
5.53553% complete. Max time remaining: 35 mins, 2 secs. Auto Shutoff: 1
6.60006% complete. Max time remaining: 34 mins, 38 secs. Auto Shutoff: 1
7.66458% complete. Max time remaining: 34 mins, 14 secs. Auto Shutoff: 1
8.72911% complete. Max time remaining: 33 mins, 50 secs. Auto Shutoff: 1
9.79363% complete. Max time remaining: 33 mins, 25 secs. Auto Shutoff: 1
10.8582% complete. Max time remaining: 32 mins, 60 secs. Auto Shutoff: 0.995847
11.9227% complete. Max time remaining: 32 mins, 37 secs. Auto Shutoff: 0.995868
12.9872% complete. Max time remaining: 32 mins, 13 secs. Auto Shutoff: 0.994374
14.0517% complete. Max time remaining: 31 mins, 49 secs. Auto Shutoff: 0.994585
15.1163% complete. Max time remaining: 31 mins, 25 secs. Auto Shutoff: 0.994823
16.1808% complete. Max time remaining: 31 mins, 2 secs. Auto Shutoff: 0.992859
17.2453% complete. Max time remaining: 30 mins, 38 secs. Auto Shutoff: 0.992699
18.3098% complete. Max time remaining: 30 mins, 14 secs. Auto Shutoff: 0.992768
19.3744% complete. Max time remaining: 29 mins, 55 secs. Auto Shutoff: 0.992503
20.4389% complete. Max time remaining: 29 mins, 37 secs. Auto Shutoff: 0.991746
21.5034% complete. Max time remaining: 29 mins, 18 secs. Auto Shutoff: 0.992049
22.5679% complete. Max time remaining: 29 mins, 0 secs. Auto Shutoff: 0.990926
23.6325% complete. Max time remaining: 28 mins, 41 secs. Auto Shutoff: 0.992302
24.697% complete. Max time remaining: 28 mins, 21 secs. Auto Shutoff: 0.991409
25.726% complete. Max time remaining: 28 mins, 2 secs. Auto Shutoff: 0.991186
26.7906% complete. Max time remaining: 27 mins, 41 secs. Auto Shutoff: 0.991053
27.8551% complete. Max time remaining: 27 mins, 16 secs. Auto Shutoff: 0.990965
28.9196% complete. Max time remaining: 26 mins, 51 secs. Auto Shutoff: 0.9909
29.9841% complete. Max time remaining: 26 mins, 26 secs. Auto Shutoff: 0.990809
31.0487% complete. Max time remaining: 26 mins, 1 secs. Auto Shutoff: 0.990731
32.1132% complete. Max time remaining: 25 mins, 36 secs. Auto Shutoff: 0.990724
33.1777% complete. Max time remaining: 25 mins, 11 secs. Auto Shutoff: 0.990662
34.2422% complete. Max time remaining: 24 mins, 46 secs. Auto Shutoff: 0.99064
35.3068% complete. Max time remaining: 24 mins, 21 secs. Auto Shutoff: 0.990668
