Ansys Lumerical 2022 R1.3 FDTD Solver Version 8.27.3016 (Windows 64bit)
 expires (month/day/year): Permanent
using config file: Ansys Licensing set with ANSYSLMD_LICENSE_FILE
license host: 1055@10.75.218.24
current time: qua mai 7 11:08:25 2025
Running on host: DESKTOP-FOTONICA
host available memory (GB): 49.710948
All processes are communicating and ready to proceed to simulation...
Running fsp file: C:\Program Files\Lumerical\v221\bin\fdtd-engine.exe -t 1 -remote -hide C:/Users/luciv/Documents/Lucivaldo/MZI_cascata/DC_FDTD_cBand_200_s-parametersweep/s-parametersweep_3.fsp
Starting meshing
Simulation size in gridpoints: 93 x 1 x 26
Refined 0 mesh cells (0%)
Completed meshing!
Meshing complete in 0 seconds of CPU time
Starting meshing
Simulation size in gridpoints: 93 x 1 x 26
Refined 0 mesh cells (0%)
Completed meshing!
Meshing complete in 0 seconds of CPU time
Starting meshing
Simulation size in gridpoints: 93 x 1 x 26
Refined 0 mesh cells (0%)
Completed meshing!
Meshing complete in 0 seconds of CPU time
left is a duplicate key.
bottom is a duplicate key.
z1 is a duplicate key.
z2 is a duplicate key.
Nx is a duplicate key.
Ny is a duplicate key.
Nz is a duplicate key.
Starting meshing
Simulation size in gridpoints: 93 x 1 x 26
Refined 0 mesh cells (0%)
Completed meshing!
Meshing complete in 0 seconds of CPU time
Starting meshing
Simulation size in gridpoints: 93 x 1 x 26
Refined 0 mesh cells (0%)
Completed meshing!
Meshing complete in 0 seconds of CPU time
Starting meshing
Simulation size in gridpoints: 93 x 1 x 26
Refined 0 mesh cells (0%)
Completed meshing!
Meshing complete in 0 seconds of CPU time
left is a duplicate key.
bottom is a duplicate key.
z1 is a duplicate key.
z2 is a duplicate key.
Nx is a duplicate key.
Ny is a duplicate key.
Nz is a duplicate key.
Starting meshing
Simulation size in gridpoints: 93 x 1 x 26
Refined 0 mesh cells (0%)
Completed meshing!
Meshing complete in 0 seconds of CPU time
Starting meshing
Simulation size in gridpoints: 93 x 1 x 26
Refined 0 mesh cells (0%)
Completed meshing!
Meshing complete in 0 seconds of CPU time
Starting meshing
Simulation size in gridpoints: 93 x 1 x 26
Refined 0 mesh cells (0%)
Completed meshing!
Meshing complete in 0 seconds of CPU time
Starting meshing
Simulation size in gridpoints: 93 x 1 x 26
Refined 0 mesh cells (0%)
Completed meshing!
Meshing complete in 0 seconds of CPU time
Starting meshing
Simulation size in gridpoints: 93 x 1 x 26
Refined 0 mesh cells (0%)
Completed meshing!
Meshing complete in 0 seconds of CPU time
Starting meshing
Simulation size in gridpoints: 93 x 1 x 26
Refined 0 mesh cells (0%)
Completed meshing!
Meshing complete in 0 seconds of CPU time
left is a duplicate key.
bottom is a duplicate key.
z1 is a duplicate key.
z2 is a duplicate key.
Nx is a duplicate key.
Ny is a duplicate key.
Nz is a duplicate key.
Starting meshing
Simulation size in gridpoints: 93 x 1 x 26
Refined 0 mesh cells (0%)
Completed meshing!
Meshing complete in 0 seconds of CPU time
Starting meshing
Simulation size in gridpoints: 93 x 1 x 26
Refined 0 mesh cells (0%)
Completed meshing!
Meshing complete in 0 seconds of CPU time
Starting meshing
Simulation size in gridpoints: 93 x 1 x 26
Refined 0 mesh cells (0%)
Completed meshing!
Meshing complete in 0 seconds of CPU time
left is a duplicate key.
bottom is a duplicate key.
z1 is a duplicate key.
z2 is a duplicate key.
Nx is a duplicate key.
Ny is a duplicate key.
Nz is a duplicate key.
number of processors is 1
processors are distributed as: 1x1x1
Running 3D Simulation
Starting meshing
Simulation size in gridpoints: 1526 x 438 x 38
Refined 0 mesh cells (0%)
Completed meshing!
Meshing complete in 3.75 seconds of CPU time
0 0
Starting meshing
Simulation size in gridpoints: 1526 x 438 x 38
Refined 0 mesh cells (0%)
Completed meshing!
Meshing complete in 3.84375 seconds of CPU time
0 0
Starting meshing
Simulation size in gridpoints: 1526 x 438 x 38
Refined 0 mesh cells (0%)
Completed meshing!
Meshing complete in 3.9375 seconds of CPU time
0 0
finished material properties
Meshing Time: 8.35867 seconds, Init Electrical Material Time: 0.785667 seconds, Init Magnetic Material Time: 0.0717643
Using selected optimization level: 2
Selecting 3d kernel for splitFieldDirection=0 and optLevel=2
-----------------------------------------
Beginning initialization of 3D Simulation
Starting to add sources to simulation
Adding 3D Mode source propagating in Y
Using frequency dependent profile
Starting to add boundary conditions to simulation
Adding 3D PML BC
Adding 3D PML BC
Adding 3D PML BC
Adding 3D PML BC
Adding 3D Symmetric BC
Adding 3D PML BC
Starting to add monitors to Simulation
Adding analysis monitor
Adding 3D DFT monitor
Adding 3D DFT monitor
Adding 3D DFT monitor
Adding 3D DFT monitor
Finished initialization of 3D Simulation
-----------------------------------------
All processes are communicating and ready to proceed to simulation...
Starting 11273 total iterations
0.212905% complete. Max time remaining: 36 mins, 2 secs. Auto Shutoff: 1
1.27743% complete. Max time remaining: 36 mins, 33 secs. Auto Shutoff: 1
2.34196% complete. Max time remaining: 36 mins, 9 secs. Auto Shutoff: 1
3.40648% complete. Max time remaining: 35 mins, 44 secs. Auto Shutoff: 1
4.47101% complete. Max time remaining: 35 mins, 21 secs. Auto Shutoff: 1
5.53553% complete. Max time remaining: 34 mins, 59 secs. Auto Shutoff: 1
6.60006% complete. Max time remaining: 34 mins, 35 secs. Auto Shutoff: 1
7.66458% complete. Max time remaining: 34 mins, 12 secs. Auto Shutoff: 1
8.72911% complete. Max time remaining: 33 mins, 49 secs. Auto Shutoff: 1
9.79363% complete. Max time remaining: 33 mins, 26 secs. Auto Shutoff: 1
10.8582% complete. Max time remaining: 33 mins, 2 secs. Auto Shutoff: 0.996472
11.9227% complete. Max time remaining: 32 mins, 37 secs. Auto Shutoff: 0.99653
12.9872% complete. Max time remaining: 32 mins, 15 secs. Auto Shutoff: 0.995049
14.0517% complete. Max time remaining: 31 mins, 51 secs. Auto Shutoff: 0.991981
15.1163% complete. Max time remaining: 31 mins, 27 secs. Auto Shutoff: 0.995508
16.1808% complete. Max time remaining: 31 mins, 3 secs. Auto Shutoff: 0.991347
17.2453% complete. Max time remaining: 30 mins, 40 secs. Auto Shutoff: 0.993385
18.3098% complete. Max time remaining: 30 mins, 16 secs. Auto Shutoff: 0.993456
19.3744% complete. Max time remaining: 29 mins, 59 secs. Auto Shutoff: 0.99319
20.4389% complete. Max time remaining: 29 mins, 41 secs. Auto Shutoff: 0.992436
21.5034% complete. Max time remaining: 29 mins, 25 secs. Auto Shutoff: 0.99271
22.5679% complete. Max time remaining: 29 mins, 6 secs. Auto Shutoff: 0.991674
23.6325% complete. Max time remaining: 28 mins, 43 secs. Auto Shutoff: 0.993016
24.6615% complete. Max time remaining: 28 mins, 23 secs. Auto Shutoff: 0.992421
25.726% complete. Max time remaining: 28 mins, 2 secs. Auto Shutoff: 0.991872
26.7906% complete. Max time remaining: 27 mins, 40 secs. Auto Shutoff: 0.991741
27.8551% complete. Max time remaining: 27 mins, 14 secs. Auto Shutoff: 0.991651
28.9196% complete. Max time remaining: 26 mins, 49 secs. Auto Shutoff: 0.991592
29.9841% complete. Max time remaining: 26 mins, 24 secs. Auto Shutoff: 0.991504
31.0487% complete. Max time remaining: 25 mins, 59 secs. Auto Shutoff: 0.991424
32.1132% complete. Max time remaining: 25 mins, 35 secs. Auto Shutoff: 0.99142
33.1777% complete. Max time remaining: 25 mins, 10 secs. Auto Shutoff: 0.991354
34.2422% complete. Max time remaining: 24 mins, 45 secs. Auto Shutoff: 0.991329
35.3068% complete. Max time remaining: 24 mins, 20 secs. Auto Shutoff: 0.991363
